<?xml version="1.0" encoding="UTF-8"?>
<testsuite name="com.project.fastpickup.product.service.ProductServiceTests" tests="1" skipped="0" failures="0" errors="0" timestamp="2023-08-01T08:46:03" hostname="DESKTOP-REHBD2K" time="1.705">
  <properties/>
  <testcase name="상품 수정 서비스 테스트" classname="com.project.fastpickup.product.service.ProductServiceTests" time="1.705"/>
  <system-out><![CDATA[17:45:58.730 [Test worker] INFO org.springframework.test.context.support.AnnotationConfigContextLoaderUtils -- Could not detect default configuration classes for test class [com.project.fastpickup.product.service.ProductServiceTests]: ProductServiceTests does not declare any static, non-private, non-final, nested classes annotated with @Configuration.
17:45:58.923 [Test worker] INFO org.springframework.boot.test.context.SpringBootTestContextBootstrapper -- Found @SpringBootConfiguration com.project.fastpickup.FastpickupApplication for test class com.project.fastpickup.product.service.ProductServiceTests

  .   ____          _            __ _ _
 /\\ / ___'_ __ _ _(_)_ __  __ _ \ \ \ \
( ( )\___ | '_ | '_| | '_ \/ _` | \ \ \ \
 \\/  ___)| |_)| | | | | || (_| |  ) ) ) )
  '  |____| .__|_| |_|_| |_\__, | / / / /
 =========|_|==============|___/=/_/_/_/
 :: Spring Boot ::                (v3.1.2)

2023-08-01T17:45:59.484+09:00  INFO 18288 --- [    Test worker] c.p.f.p.service.ProductServiceTests      : Starting ProductServiceTests using Java 17.0.7 with PID 18288 (started by yeri in E:\gitSh\reactProject\TeamProject)
2023-08-01T17:45:59.485+09:00 DEBUG 18288 --- [    Test worker] c.p.f.p.service.ProductServiceTests      : Running with Spring Boot v3.1.2, Spring v6.0.11
2023-08-01T17:45:59.486+09:00  INFO 18288 --- [    Test worker] c.p.f.p.service.ProductServiceTests      : No active profile set, falling back to 1 default profile: "default"
2023-08-01T17:46:00.817+09:00 DEBUG 18288 --- [    Test worker] o.m.s.mapper.ClassPathMapperScanner      : Ignored because not a concrete top-level class: file [E:\gitSh\reactProject\TeamProject\build\classes\java\test\com\project\fastpickup\like\mappers\LikeMapperTests.class]
2023-08-01T17:46:00.818+09:00 DEBUG 18288 --- [    Test worker] o.m.s.mapper.ClassPathMapperScanner      : Ignored because not a concrete top-level class: file [E:\gitSh\reactProject\TeamProject\build\classes\java\test\com\project\fastpickup\member\mappers\MemberMapperTests.class]
2023-08-01T17:46:00.818+09:00 DEBUG 18288 --- [    Test worker] o.m.s.mapper.ClassPathMapperScanner      : Ignored because not a concrete top-level class: file [E:\gitSh\reactProject\TeamProject\build\classes\java\test\com\project\fastpickup\order\mappers\OrderMapperTests.class]
2023-08-01T17:46:00.818+09:00 DEBUG 18288 --- [    Test worker] o.m.s.mapper.ClassPathMapperScanner      : Ignored because not a concrete top-level class: file [E:\gitSh\reactProject\TeamProject\build\classes\java\test\com\project\fastpickup\product\mappers\ProductMapperTests.class]
2023-08-01T17:46:00.818+09:00 DEBUG 18288 --- [    Test worker] o.m.s.mapper.ClassPathMapperScanner      : Ignored because not a concrete top-level class: file [E:\gitSh\reactProject\TeamProject\build\classes\java\test\com\project\fastpickup\qna\mappers\QnaMapperTests.class]
2023-08-01T17:46:00.818+09:00 DEBUG 18288 --- [    Test worker] o.m.s.mapper.ClassPathMapperScanner      : Ignored because not a concrete top-level class: file [E:\gitSh\reactProject\TeamProject\build\classes\java\test\com\project\fastpickup\qna\mappers\QnaReplyMapperTests.class]
2023-08-01T17:46:00.819+09:00 DEBUG 18288 --- [    Test worker] o.m.s.mapper.ClassPathMapperScanner      : Ignored because not a concrete top-level class: file [E:\gitSh\reactProject\TeamProject\build\classes\java\test\com\project\fastpickup\review\mappers\ReviewMapperTests.class]
2023-08-01T17:46:00.819+09:00 DEBUG 18288 --- [    Test worker] o.m.s.mapper.ClassPathMapperScanner      : Ignored because not a concrete top-level class: file [E:\gitSh\reactProject\TeamProject\build\classes\java\test\com\project\fastpickup\stats\mappers\StatsMapperTests.class]
2023-08-01T17:46:00.819+09:00 DEBUG 18288 --- [    Test worker] o.m.s.mapper.ClassPathMapperScanner      : Ignored because not a concrete top-level class: file [E:\gitSh\reactProject\TeamProject\build\classes\java\test\com\project\fastpickup\store\mappers\StoreMapperTests.class]
2023-08-01T17:46:00.819+09:00 DEBUG 18288 --- [    Test worker] o.m.s.mapper.ClassPathMapperScanner      : Identified candidate component class: file [E:\gitSh\reactProject\TeamProject\build\classes\java\main\com\project\fastpickup\admin\like\mappers\LikeMapper.class]
2023-08-01T17:46:00.820+09:00 DEBUG 18288 --- [    Test worker] o.m.s.mapper.ClassPathMapperScanner      : Identified candidate component class: file [E:\gitSh\reactProject\TeamProject\build\classes\java\main\com\project\fastpickup\admin\member\mappers\MemberMapper.class]
2023-08-01T17:46:00.820+09:00 DEBUG 18288 --- [    Test worker] o.m.s.mapper.ClassPathMapperScanner      : Identified candidate component class: file [E:\gitSh\reactProject\TeamProject\build\classes\java\main\com\project\fastpickup\admin\order\mappers\OrderHistoryMapper.class]
2023-08-01T17:46:00.820+09:00 DEBUG 18288 --- [    Test worker] o.m.s.mapper.ClassPathMapperScanner      : Identified candidate component class: file [E:\gitSh\reactProject\TeamProject\build\classes\java\main\com\project\fastpickup\admin\order\mappers\OrderMapper.class]
2023-08-01T17:46:00.820+09:00 DEBUG 18288 --- [    Test worker] o.m.s.mapper.ClassPathMapperScanner      : Identified candidate component class: file [E:\gitSh\reactProject\TeamProject\build\classes\java\main\com\project\fastpickup\admin\product\mappers\FileMapper.class]
2023-08-01T17:46:00.820+09:00 DEBUG 18288 --- [    Test worker] o.m.s.mapper.ClassPathMapperScanner      : Identified candidate component class: file [E:\gitSh\reactProject\TeamProject\build\classes\java\main\com\project\fastpickup\admin\product\mappers\ProductCategoryMapper.class]
2023-08-01T17:46:00.821+09:00 DEBUG 18288 --- [    Test worker] o.m.s.mapper.ClassPathMapperScanner      : Identified candidate component class: file [E:\gitSh\reactProject\TeamProject\build\classes\java\main\com\project\fastpickup\admin\product\mappers\ProductMapper.class]
2023-08-01T17:46:00.821+09:00 DEBUG 18288 --- [    Test worker] o.m.s.mapper.ClassPathMapperScanner      : Identified candidate component class: file [E:\gitSh\reactProject\TeamProject\build\classes\java\main\com\project\fastpickup\admin\qna\mappers\QnaMapper.class]
2023-08-01T17:46:00.821+09:00 DEBUG 18288 --- [    Test worker] o.m.s.mapper.ClassPathMapperScanner      : Identified candidate component class: file [E:\gitSh\reactProject\TeamProject\build\classes\java\main\com\project\fastpickup\admin\qna\mappers\QnaReplyMapper.class]
2023-08-01T17:46:00.821+09:00 DEBUG 18288 --- [    Test worker] o.m.s.mapper.ClassPathMapperScanner      : Identified candidate component class: file [E:\gitSh\reactProject\TeamProject\build\classes\java\main\com\project\fastpickup\admin\review\mappers\ReviewFileMapper.class]
2023-08-01T17:46:00.821+09:00 DEBUG 18288 --- [    Test worker] o.m.s.mapper.ClassPathMapperScanner      : Identified candidate component class: file [E:\gitSh\reactProject\TeamProject\build\classes\java\main\com\project\fastpickup\admin\review\mappers\ReviewMapper.class]
2023-08-01T17:46:00.822+09:00 DEBUG 18288 --- [    Test worker] o.m.s.mapper.ClassPathMapperScanner      : Identified candidate component class: file [E:\gitSh\reactProject\TeamProject\build\classes\java\main\com\project\fastpickup\admin\stats\mappers\StatsMapper.class]
2023-08-01T17:46:00.822+09:00 DEBUG 18288 --- [    Test worker] o.m.s.mapper.ClassPathMapperScanner      : Identified candidate component class: file [E:\gitSh\reactProject\TeamProject\build\classes\java\main\com\project\fastpickup\admin\store\mappers\StoreMapper.class]
2023-08-01T17:46:00.824+09:00 DEBUG 18288 --- [    Test worker] o.m.s.mapper.ClassPathMapperScanner      : Creating MapperFactoryBean with name 'likeMapper' and 'com.project.fastpickup.admin.like.mappers.LikeMapper' mapperInterface
2023-08-01T17:46:00.827+09:00 DEBUG 18288 --- [    Test worker] o.m.s.mapper.ClassPathMapperScanner      : Enabling autowire by type for MapperFactoryBean with name 'likeMapper'.
2023-08-01T17:46:00.827+09:00 DEBUG 18288 --- [    Test worker] o.m.s.mapper.ClassPathMapperScanner      : Creating MapperFactoryBean with name 'memberMapper' and 'com.project.fastpickup.admin.member.mappers.MemberMapper' mapperInterface
2023-08-01T17:46:00.828+09:00 DEBUG 18288 --- [    Test worker] o.m.s.mapper.ClassPathMapperScanner      : Enabling autowire by type for MapperFactoryBean with name 'memberMapper'.
2023-08-01T17:46:00.828+09:00 DEBUG 18288 --- [    Test worker] o.m.s.mapper.ClassPathMapperScanner      : Creating MapperFactoryBean with name 'orderHistoryMapper' and 'com.project.fastpickup.admin.order.mappers.OrderHistoryMapper' mapperInterface
2023-08-01T17:46:00.829+09:00 DEBUG 18288 --- [    Test worker] o.m.s.mapper.ClassPathMapperScanner      : Enabling autowire by type for MapperFactoryBean with name 'orderHistoryMapper'.
2023-08-01T17:46:00.829+09:00 DEBUG 18288 --- [    Test worker] o.m.s.mapper.ClassPathMapperScanner      : Creating MapperFactoryBean with name 'orderMapper' and 'com.project.fastpickup.admin.order.mappers.OrderMapper' mapperInterface
2023-08-01T17:46:00.830+09:00 DEBUG 18288 --- [    Test worker] o.m.s.mapper.ClassPathMapperScanner      : Enabling autowire by type for MapperFactoryBean with name 'orderMapper'.
2023-08-01T17:46:00.831+09:00 DEBUG 18288 --- [    Test worker] o.m.s.mapper.ClassPathMapperScanner      : Creating MapperFactoryBean with name 'fileMapper' and 'com.project.fastpickup.admin.product.mappers.FileMapper' mapperInterface
2023-08-01T17:46:00.832+09:00 DEBUG 18288 --- [    Test worker] o.m.s.mapper.ClassPathMapperScanner      : Enabling autowire by type for MapperFactoryBean with name 'fileMapper'.
2023-08-01T17:46:00.833+09:00 DEBUG 18288 --- [    Test worker] o.m.s.mapper.ClassPathMapperScanner      : Creating MapperFactoryBean with name 'productCategoryMapper' and 'com.project.fastpickup.admin.product.mappers.ProductCategoryMapper' mapperInterface
2023-08-01T17:46:00.834+09:00 DEBUG 18288 --- [    Test worker] o.m.s.mapper.ClassPathMapperScanner      : Enabling autowire by type for MapperFactoryBean with name 'productCategoryMapper'.
2023-08-01T17:46:00.834+09:00 DEBUG 18288 --- [    Test worker] o.m.s.mapper.ClassPathMapperScanner      : Creating MapperFactoryBean with name 'productMapper' and 'com.project.fastpickup.admin.product.mappers.ProductMapper' mapperInterface
2023-08-01T17:46:00.836+09:00 DEBUG 18288 --- [    Test worker] o.m.s.mapper.ClassPathMapperScanner      : Enabling autowire by type for MapperFactoryBean with name 'productMapper'.
2023-08-01T17:46:00.836+09:00 DEBUG 18288 --- [    Test worker] o.m.s.mapper.ClassPathMapperScanner      : Creating MapperFactoryBean with name 'qnaMapper' and 'com.project.fastpickup.admin.qna.mappers.QnaMapper' mapperInterface
2023-08-01T17:46:00.839+09:00 DEBUG 18288 --- [    Test worker] o.m.s.mapper.ClassPathMapperScanner      : Enabling autowire by type for MapperFactoryBean with name 'qnaMapper'.
2023-08-01T17:46:00.840+09:00 DEBUG 18288 --- [    Test worker] o.m.s.mapper.ClassPathMapperScanner      : Creating MapperFactoryBean with name 'qnaReplyMapper' and 'com.project.fastpickup.admin.qna.mappers.QnaReplyMapper' mapperInterface
2023-08-01T17:46:00.841+09:00 DEBUG 18288 --- [    Test worker] o.m.s.mapper.ClassPathMapperScanner      : Enabling autowire by type for MapperFactoryBean with name 'qnaReplyMapper'.
2023-08-01T17:46:00.842+09:00 DEBUG 18288 --- [    Test worker] o.m.s.mapper.ClassPathMapperScanner      : Creating MapperFactoryBean with name 'reviewFileMapper' and 'com.project.fastpickup.admin.review.mappers.ReviewFileMapper' mapperInterface
2023-08-01T17:46:00.843+09:00 DEBUG 18288 --- [    Test worker] o.m.s.mapper.ClassPathMapperScanner      : Enabling autowire by type for MapperFactoryBean with name 'reviewFileMapper'.
2023-08-01T17:46:00.844+09:00 DEBUG 18288 --- [    Test worker] o.m.s.mapper.ClassPathMapperScanner      : Creating MapperFactoryBean with name 'reviewMapper' and 'com.project.fastpickup.admin.review.mappers.ReviewMapper' mapperInterface
2023-08-01T17:46:00.845+09:00 DEBUG 18288 --- [    Test worker] o.m.s.mapper.ClassPathMapperScanner      : Enabling autowire by type for MapperFactoryBean with name 'reviewMapper'.
2023-08-01T17:46:00.845+09:00 DEBUG 18288 --- [    Test worker] o.m.s.mapper.ClassPathMapperScanner      : Creating MapperFactoryBean with name 'statsMapper' and 'com.project.fastpickup.admin.stats.mappers.StatsMapper' mapperInterface
2023-08-01T17:46:00.846+09:00 DEBUG 18288 --- [    Test worker] o.m.s.mapper.ClassPathMapperScanner      : Enabling autowire by type for MapperFactoryBean with name 'statsMapper'.
2023-08-01T17:46:00.847+09:00 DEBUG 18288 --- [    Test worker] o.m.s.mapper.ClassPathMapperScanner      : Creating MapperFactoryBean with name 'storeMapper' and 'com.project.fastpickup.admin.store.mappers.StoreMapper' mapperInterface
2023-08-01T17:46:00.849+09:00 DEBUG 18288 --- [    Test worker] o.m.s.mapper.ClassPathMapperScanner      : Enabling autowire by type for MapperFactoryBean with name 'storeMapper'.
2023-08-01T17:46:01.565+09:00 DEBUG 18288 --- [    Test worker] o.mybatis.spring.SqlSessionFactoryBean   : Parsed mapper file: 'file [E:\gitSh\reactProject\TeamProject\build\resources\main\mappers\like\LikeMapper.xml]'
2023-08-01T17:46:01.596+09:00 DEBUG 18288 --- [    Test worker] o.mybatis.spring.SqlSessionFactoryBean   : Parsed mapper file: 'file [E:\gitSh\reactProject\TeamProject\build\resources\main\mappers\member\MemberMapper.xml]'
2023-08-01T17:46:01.608+09:00 DEBUG 18288 --- [    Test worker] o.mybatis.spring.SqlSessionFactoryBean   : Parsed mapper file: 'file [E:\gitSh\reactProject\TeamProject\build\resources\main\mappers\order\OrderHistoryMapper.xml]'
2023-08-01T17:46:01.628+09:00 DEBUG 18288 --- [    Test worker] o.mybatis.spring.SqlSessionFactoryBean   : Parsed mapper file: 'file [E:\gitSh\reactProject\TeamProject\build\resources\main\mappers\order\OrderMapper.xml]'
2023-08-01T17:46:01.635+09:00 DEBUG 18288 --- [    Test worker] o.mybatis.spring.SqlSessionFactoryBean   : Parsed mapper file: 'file [E:\gitSh\reactProject\TeamProject\build\resources\main\mappers\product\FileMapper.xml]'
2023-08-01T17:46:01.643+09:00 DEBUG 18288 --- [    Test worker] o.mybatis.spring.SqlSessionFactoryBean   : Parsed mapper file: 'file [E:\gitSh\reactProject\TeamProject\build\resources\main\mappers\product\ProductCategoryMapper.xml]'
2023-08-01T17:46:01.664+09:00 DEBUG 18288 --- [    Test worker] o.mybatis.spring.SqlSessionFactoryBean   : Parsed mapper file: 'file [E:\gitSh\reactProject\TeamProject\build\resources\main\mappers\product\ProductMapper.xml]'
2023-08-01T17:46:01.678+09:00 DEBUG 18288 --- [    Test worker] o.mybatis.spring.SqlSessionFactoryBean   : Parsed mapper file: 'file [E:\gitSh\reactProject\TeamProject\build\resources\main\mappers\qna\QnaMapper.xml]'
2023-08-01T17:46:01.689+09:00 DEBUG 18288 --- [    Test worker] o.mybatis.spring.SqlSessionFactoryBean   : Parsed mapper file: 'file [E:\gitSh\reactProject\TeamProject\build\resources\main\mappers\qna\QnaReplyMapper.xml]'
2023-08-01T17:46:01.697+09:00 DEBUG 18288 --- [    Test worker] o.mybatis.spring.SqlSessionFactoryBean   : Parsed mapper file: 'file [E:\gitSh\reactProject\TeamProject\build\resources\main\mappers\review\ReviewFileMapper.xml]'
2023-08-01T17:46:01.713+09:00 DEBUG 18288 --- [    Test worker] o.mybatis.spring.SqlSessionFactoryBean   : Parsed mapper file: 'file [E:\gitSh\reactProject\TeamProject\build\resources\main\mappers\review\ReviewMapper.xml]'
2023-08-01T17:46:01.729+09:00 DEBUG 18288 --- [    Test worker] o.mybatis.spring.SqlSessionFactoryBean   : Parsed mapper file: 'file [E:\gitSh\reactProject\TeamProject\build\resources\main\mappers\stats\StatsMapper.xml]'
2023-08-01T17:46:01.751+09:00 DEBUG 18288 --- [    Test worker] o.mybatis.spring.SqlSessionFactoryBean   : Parsed mapper file: 'file [E:\gitSh\reactProject\TeamProject\build\resources\main\mappers\store\StoreMapper.xml]'
2023-08-01T17:46:01.800+09:00  INFO 18288 --- [    Test worker] c.p.f.a.l.service.impl.LikeServiceImpl   : Constructor Called, Like Mapper Injected.
2023-08-01T17:46:01.830+09:00  INFO 18288 --- [    Test worker] c.p.f.a.like.controller.LikeController   : Constructor Called, Like Service Injected.
2023-08-01T17:46:01.869+09:00  INFO 18288 --- [    Test worker] c.p.f.a.m.s.impl.MemberServiceImpl       : Constructor Called, Mapper Injected.
2023-08-01T17:46:01.882+09:00  INFO 18288 --- [    Test worker] c.p.f.a.m.controller.MemberController    : Constructor Called, Service Injected.
2023-08-01T17:46:01.934+09:00  INFO 18288 --- [    Test worker] c.p.f.a.o.service.impl.OrderServiceImpl  : Constructor Called, Mapper Injected.
2023-08-01T17:46:01.944+09:00  INFO 18288 --- [    Test worker] c.p.f.a.o.controller.OrderController     : Constructor Called, Service Injected.
2023-08-01T17:46:01.991+09:00  INFO 18288 --- [    Test worker] c.p.f.a.s.service.impl.StoreServiceImpl  : Constructor Called, Mapper Injected.
2023-08-01T17:46:02.085+09:00  INFO 18288 --- [    Test worker] c.p.f.a.s.controller.StatsController     : Constructor Called, Service Injected.
2023-08-01T17:46:02.092+09:00  INFO 18288 --- [    Test worker] c.p.f.a.s.controller.StoreController     : Constructor Called, Service Injected.
2023-08-01T17:46:02.391+09:00 TRACE 18288 --- [    Test worker] eGlobalAuthenticationAutowiredConfigurer : Eagerly initializing {org.springframework.boot.autoconfigure.security.servlet.SpringBootWebSecurityConfiguration$WebSecurityEnablerConfiguration=org.springframework.boot.autoconfigure.security.servlet.SpringBootWebSecurityConfiguration$WebSecurityEnablerConfiguration@4f235e8e}
2023-08-01T17:46:02.494+09:00  INFO 18288 --- [    Test worker] c.p.f.a.m.config.CustomSecurityConfig    : Spring Seucirty Filter Chain Is Running
2023-08-01T17:46:02.609+09:00  INFO 18288 --- [    Test worker] o.s.s.web.DefaultSecurityFilterChain     : Will secure any request with [org.springframework.security.web.session.DisableEncodeUrlFilter@754de353, org.springframework.security.web.context.request.async.WebAsyncManagerIntegrationFilter@ee2ae9a, org.springframework.security.web.context.SecurityContextHolderFilter@2c16677c, org.springframework.security.web.header.HeaderWriterFilter@2d24cdd9, org.springframework.security.web.authentication.logout.LogoutFilter@1b1e1f02, org.springframework.security.oauth2.client.web.OAuth2AuthorizationRequestRedirectFilter@2a2b7a35, org.springframework.security.oauth2.client.web.OAuth2LoginAuthenticationFilter@58186f9f, org.springframework.security.web.authentication.UsernamePasswordAuthenticationFilter@1da75dde, org.springframework.security.web.savedrequest.RequestCacheAwareFilter@7fd751de, org.springframework.security.web.servletapi.SecurityContextHolderAwareRequestFilter@e162a35, org.springframework.security.web.authentication.rememberme.RememberMeAuthenticationFilter@595fed99, org.springframework.security.web.authentication.AnonymousAuthenticationFilter@58b97c15, org.springframework.security.web.access.ExceptionTranslationFilter@171aa66]
2023-08-01T17:46:03.522+09:00  INFO 18288 --- [    Test worker] c.p.f.p.service.ProductServiceTests      : Started ProductServiceTests in 4.333 seconds (process running for 5.967)
2023-08-01T17:46:03.560+09:00  INFO 18288 --- [    Test worker] com.zaxxer.hikari.HikariDataSource       : HikariPool-1 - Starting...
2023-08-01T17:46:04.020+09:00  INFO 18288 --- [    Test worker] com.zaxxer.hikari.pool.HikariPool        : HikariPool-1 - Added connection com.mysql.cj.jdbc.ConnectionImpl@b671dda
2023-08-01T17:46:04.024+09:00  INFO 18288 --- [    Test worker] com.zaxxer.hikari.HikariDataSource       : HikariPool-1 - Start completed.
2023-08-01T17:46:05.065+09:00  INFO 18288 --- [    Test worker] c.p.f.p.service.ProductServiceTests      : === Start Update Product Test Service ===
2023-08-01T17:46:05.069+09:00  INFO 18288 --- [    Test worker] c.p.f.a.p.s.impl.ProductServiceImpl      : ============ Product Update Service ============
2023-08-01T17:46:05.077+09:00 DEBUG 18288 --- [    Test worker] org.mybatis.spring.SqlSessionUtils       : Creating a new SqlSession
2023-08-01T17:46:05.084+09:00 DEBUG 18288 --- [    Test worker] org.mybatis.spring.SqlSessionUtils       : Registering transaction synchronization for SqlSession [org.apache.ibatis.session.defaults.DefaultSqlSession@a20898c]
2023-08-01T17:46:05.096+09:00 DEBUG 18288 --- [    Test worker] o.m.s.t.SpringManagedTransaction         : JDBC Connection [HikariProxyConnection@619605930 wrapping com.mysql.cj.jdbc.ConnectionImpl@b671dda] will be managed by Spring
2023-08-01T17:46:05.104+09:00 DEBUG 18288 --- [    Test worker] c.p.f.a.p.m.ProductMapper.updateProduct  : ==>  Preparing: update tbl_product tp set tp.productName = ?, tp.productContent = ?, tp.productPrice = ?, tp.updateDate = now(), tp.isRecommend = ? where tp.pno = ?
2023-08-01T17:46:05.147+09:00 DEBUG 18288 --- [    Test worker] c.p.f.a.p.m.ProductMapper.updateProduct  : ==> Parameters: Junit Product Name Service Test(String), Junit Product Content Service Test(String), 4000(Integer), 0(Integer), 22(Long)
2023-08-01T17:46:05.153+09:00 DEBUG 18288 --- [    Test worker] c.p.f.a.p.m.ProductMapper.updateProduct  : <==    Updates: 1
2023-08-01T17:46:05.154+09:00 DEBUG 18288 --- [    Test worker] org.mybatis.spring.SqlSessionUtils       : Releasing transactional SqlSession [org.apache.ibatis.session.defaults.DefaultSqlSession@a20898c]
2023-08-01T17:46:05.155+09:00 DEBUG 18288 --- [    Test worker] org.mybatis.spring.SqlSessionUtils       : Fetched SqlSession [org.apache.ibatis.session.defaults.DefaultSqlSession@a20898c] from current transaction
2023-08-01T17:46:05.156+09:00 DEBUG 18288 --- [    Test worker] c.p.f.a.p.m.P.updateCategory             : ==>  Preparing: update tbl_product_category tpc set tpc.categoryName = ? where tpc.pno = ?
2023-08-01T17:46:05.157+09:00 DEBUG 18288 --- [    Test worker] c.p.f.a.p.m.P.updateCategory             : ==> Parameters: Junit Category Service Test(String), 22(Long)
2023-08-01T17:46:05.159+09:00 DEBUG 18288 --- [    Test worker] c.p.f.a.p.m.P.updateCategory             : <==    Updates: 1
2023-08-01T17:46:05.160+09:00 DEBUG 18288 --- [    Test worker] org.mybatis.spring.SqlSessionUtils       : Releasing transactional SqlSession [org.apache.ibatis.session.defaults.DefaultSqlSession@a20898c]
2023-08-01T17:46:05.160+09:00 DEBUG 18288 --- [    Test worker] org.mybatis.spring.SqlSessionUtils       : Fetched SqlSession [org.apache.ibatis.session.defaults.DefaultSqlSession@a20898c] from current transaction
2023-08-01T17:46:05.160+09:00 DEBUG 18288 --- [    Test worker] c.p.f.a.p.m.FileMapper.deleteImage       : ==>  Preparing: delete from tbl_product_image where pno = ?
2023-08-01T17:46:05.161+09:00 DEBUG 18288 --- [    Test worker] c.p.f.a.p.m.FileMapper.deleteImage       : ==> Parameters: 22(Long)
2023-08-01T17:46:05.164+09:00 DEBUG 18288 --- [    Test worker] c.p.f.a.p.m.FileMapper.deleteImage       : <==    Updates: 2
2023-08-01T17:46:05.164+09:00 DEBUG 18288 --- [    Test worker] org.mybatis.spring.SqlSessionUtils       : Releasing transactional SqlSession [org.apache.ibatis.session.defaults.DefaultSqlSession@a20898c]
2023-08-01T17:46:05.164+09:00  INFO 18288 --- [    Test worker] c.p.f.a.p.s.impl.ProductServiceImpl      : ============ //Product Update Service ============
2023-08-01T17:46:05.165+09:00  INFO 18288 --- [    Test worker] c.p.f.a.p.s.impl.ProductServiceImpl      : ============ Product Read Service ============
2023-08-01T17:46:05.165+09:00 DEBUG 18288 --- [    Test worker] org.mybatis.spring.SqlSessionUtils       : Fetched SqlSession [org.apache.ibatis.session.defaults.DefaultSqlSession@a20898c] from current transaction
2023-08-01T17:46:05.168+09:00 DEBUG 18288 --- [    Test worker] c.p.f.a.p.m.ProductMapper.selectOne      : ==>  Preparing: select tp.pno, tp.productName, tp.productContent, tp.productPrice, tp.registDate, tp.updateDate, tp.likeCount, tp.isRecommend, tp.isDeletedProduct, ts.sno, ts.storeName, tpc.categoryName, concat(tpi.uuid,'_',tpi.fileName) as fileNames from tbl_product tp left outer join tbl_store ts on ts.sno = tp.sno left outer join tbl_product_category tpc on tpc.pno = tp.pno left outer join tbl_product_image tpi on tpi.pno = tp.pno where tp.pno = ?
2023-08-01T17:46:05.170+09:00 DEBUG 18288 --- [    Test worker] c.p.f.a.p.m.ProductMapper.selectOne      : ==> Parameters: 22(Long)
2023-08-01T17:46:05.217+09:00 DEBUG 18288 --- [    Test worker] c.p.f.a.p.m.ProductMapper.selectOne      : <==      Total: 1
2023-08-01T17:46:05.225+09:00 DEBUG 18288 --- [    Test worker] org.mybatis.spring.SqlSessionUtils       : Releasing transactional SqlSession [org.apache.ibatis.session.defaults.DefaultSqlSession@a20898c]
2023-08-01T17:46:05.226+09:00  INFO 18288 --- [    Test worker] c.p.f.a.p.s.impl.ProductServiceImpl      : ============ //Product Read Service ============
2023-08-01T17:46:05.230+09:00  INFO 18288 --- [    Test worker] c.p.f.p.service.ProductServiceTests      : === End Update Product Test Service ===
2023-08-01T17:46:05.240+09:00 DEBUG 18288 --- [    Test worker] org.mybatis.spring.SqlSessionUtils       : Transaction synchronization deregistering SqlSession [org.apache.ibatis.session.defaults.DefaultSqlSession@a20898c]
2023-08-01T17:46:05.241+09:00 DEBUG 18288 --- [    Test worker] org.mybatis.spring.SqlSessionUtils       : Transaction synchronization closing SqlSession [org.apache.ibatis.session.defaults.DefaultSqlSession@a20898c]
]]></system-out>
  <system-err><![CDATA[]]></system-err>
</testsuite>
